0.72558300 1394014178 : Starting: mygassi-get-last-order-id
0.31161500 1394033659 : Starting: mygassi-payone-transaction
0.72460200 1394033982 : Starting: mygassi-payone-transaction
0.89160400 1394039012 : Starting: mygassi-export-email
0.63474600 1394039035 : Starting: mygassi-export-email
0.64522300 1394039047 : Starting: mygassi-export-email
0.74039000 1394039236 : Starting: mygassi-export-customer
0.21681700 1394039237 : Stopping: mygassi-export-customer
0.20445900 1394039250 : Starting: mygassi-export-customer
0.69079200 1394039250 : Stopping: mygassi-export-customer
0.25933300 1394039267 : Starting: mygassi-export-customer
0.97361100 1394039274 : Starting: mygassi-export-customer
0.02850900 1394039383 : Starting: mygassi-export-customer
0.10164000 1394039383 : Stopping: mygassi-export-customer
0.11426500 1394039385 : Starting: mygassi-export-customer
0.18798800 1394039385 : Stopping: mygassi-export-customer
0.70122300 1394039491 : Starting: mygassi-export-customer
0.77174100 1394039491 : Stopping: mygassi-export-customer
0.67643500 1394039705 : Starting: mygassi-export-customer
0.74911000 1394039705 : Stopping: mygassi-export-customer
0.34799200 1394039851 : Starting: mygassi-import-customer
0.39976400 1394039851 : Stopping: mygassi-import-customer
0.75307900 1394039870 : Starting: mygassi-import-customer
0.81122000 1394039870 : Stopping: mygassi-import-customer
0.39243200 1394039919 : Starting: mygassi-import-customer
0.50635800 1394039940 : Starting: mygassi-import-customer
0.58257600 1394039953 : Starting: mygassi-import-customer
